<?xml version="1.0" encoding="UTF-8"?>
<!-- Generated by org.testng.reporters.JUnitXMLReporter -->
<testsuite ignored="0" hostname="LTIN488147" failures="0" tests="4" name="chrome-Test" time="218.879" errors="0" timestamp="2024-03-30T16:39:09 IST">
  <testcase classname="testCases.TC_001_userInfo" name="testUser" time="27.593"/>
  <testcase classname="testCases.TC_001_userInfo" name="checkNewsToolTip" time="16.094"/>
  <testcase classname="testCases.TC_001_userInfo" name="checkAllNews" time="11.425"/>
  <testcase classname="testCases.TC_001_userInfo" name="lastTest" time="135.454"/>
</testsuite> <!-- chrome-Test -->
