<?xml version="1.0" encoding="UTF-8"?>
<!-- Generated by org.testng.reporters.JUnitXMLReporter -->
<testsuite ignored="0" hostname="LTIN488147" failures="0" tests="4" name="edge-Test" time="219.656" errors="0" timestamp="2024-03-30T16:39:09 IST">
  <testcase classname="testCases.TC_001_userInfo" name="testUser" time="27.67"/>
  <testcase classname="testCases.TC_001_userInfo" name="checkNewsToolTip" time="16.186"/>
  <testcase classname="testCases.TC_001_userInfo" name="checkAllNews" time="11.486"/>
  <testcase classname="testCases.TC_001_userInfo" name="lastTest" time="137.125"/>
</testsuite> <!-- edge-Test -->
