<?xml version="1.0" encoding="UTF-8"?>
<testng-results ignored="0" total="8" passed="8" failed="0" skipped="0">
  <reporter-output>
  </reporter-output>
  <suite started-at="2024-03-30T16:35:29 IST" name="Suite" finished-at="2024-03-30T16:39:09 IST" duration-ms="219656">
    <groups>
    </groups>
    <test started-at="2024-03-30T16:35:29 IST" name="chrome-Test" finished-at="2024-03-30T16:39:08 IST" duration-ms="218879">
      <class name="testCases.TC_001_userInfo">
        <test-method is-config="true" signature="setup(java.lang.String)[pri:0, instance:testCases.TC_001_userInfo@35841320]" started-at="2024-03-30T16:35:29 IST" name="setup" finished-at="2024-03-30T16:35:42 IST" duration-ms="12945" status="PASS">
          <params>
            <param index="0">
              <value>
                <![CDATA[chrome]]>
              </value>
            </param>
          </params>
          <reporter-output>
          </reporter-output>
        </test-method> <!-- setup -->
        <test-method signature="testUser()[pri:1, instance:testCases.TC_001_userInfo@35841320]" started-at="2024-03-30T16:35:42 IST" name="testUser" finished-at="2024-03-30T16:36:10 IST" duration-ms="27593" status="PASS">
          <reporter-output>
          </reporter-output>
        </test-method> <!-- testUser -->
        <test-method signature="checkNewsToolTip()[pri:2, instance:testCases.TC_001_userInfo@35841320]" started-at="2024-03-30T16:36:10 IST" name="checkNewsToolTip" finished-at="2024-03-30T16:36:26 IST" duration-ms="16094" status="PASS">
          <reporter-output>
          </reporter-output>
        </test-method> <!-- checkNewsToolTip -->
        <test-method signature="checkAllNews()[pri:3, instance:testCases.TC_001_userInfo@35841320]" started-at="2024-03-30T16:36:27 IST" name="checkAllNews" finished-at="2024-03-30T16:36:38 IST" duration-ms="11425" status="PASS">
          <reporter-output>
          </reporter-output>
        </test-method> <!-- checkAllNews -->
        <test-method signature="lastTest()[pri:4, instance:testCases.TC_001_userInfo@35841320]" started-at="2024-03-30T16:36:38 IST" name="lastTest" finished-at="2024-03-30T16:38:54 IST" duration-ms="135454" status="PASS">
          <reporter-output>
          </reporter-output>
        </test-method> <!-- lastTest -->
        <test-method is-config="true" signature="close()[pri:0, instance:testCases.TC_001_userInfo@35841320]" started-at="2024-03-30T16:38:54 IST" name="close" finished-at="2024-03-30T16:39:08 IST" duration-ms="14156" status="PASS">
          <reporter-output>
          </reporter-output>
        </test-method> <!-- close -->
      </class> <!-- testCases.TC_001_userInfo -->
    </test> <!-- chrome-Test -->
    <test started-at="2024-03-30T16:35:29 IST" name="edge-Test" finished-at="2024-03-30T16:39:09 IST" duration-ms="219656">
      <class name="testCases.TC_001_userInfo">
        <test-method is-config="true" signature="setup(java.lang.String)[pri:0, instance:testCases.TC_001_userInfo@606e4010]" started-at="2024-03-30T16:35:29 IST" name="setup" finished-at="2024-03-30T16:35:41 IST" duration-ms="11687" status="PASS">
          <params>
            <param index="0">
              <value>
                <![CDATA[edge]]>
              </value>
            </param>
          </params>
          <reporter-output>
          </reporter-output>
        </test-method> <!-- setup -->
        <test-method signature="testUser()[pri:1, instance:testCases.TC_001_userInfo@606e4010]" started-at="2024-03-30T16:35:41 IST" name="testUser" finished-at="2024-03-30T16:36:09 IST" duration-ms="27670" status="PASS">
          <reporter-output>
          </reporter-output>
        </test-method> <!-- testUser -->
        <test-method signature="checkNewsToolTip()[pri:2, instance:testCases.TC_001_userInfo@606e4010]" started-at="2024-03-30T16:36:09 IST" name="checkNewsToolTip" finished-at="2024-03-30T16:36:25 IST" duration-ms="16186" status="PASS">
          <reporter-output>
          </reporter-output>
        </test-method> <!-- checkNewsToolTip -->
        <test-method signature="checkAllNews()[pri:3, instance:testCases.TC_001_userInfo@606e4010]" started-at="2024-03-30T16:36:26 IST" name="checkAllNews" finished-at="2024-03-30T16:36:37 IST" duration-ms="11486" status="PASS">
          <reporter-output>
          </reporter-output>
        </test-method> <!-- checkAllNews -->
        <test-method signature="lastTest()[pri:4, instance:testCases.TC_001_userInfo@606e4010]" started-at="2024-03-30T16:36:37 IST" name="lastTest" finished-at="2024-03-30T16:38:54 IST" duration-ms="137125" status="PASS">
          <reporter-output>
          </reporter-output>
        </test-method> <!-- lastTest -->
        <test-method is-config="true" signature="close()[pri:0, instance:testCases.TC_001_userInfo@606e4010]" started-at="2024-03-30T16:38:55 IST" name="close" finished-at="2024-03-30T16:39:09 IST" duration-ms="14188" status="PASS">
          <reporter-output>
          </reporter-output>
        </test-method> <!-- close -->
      </class> <!-- testCases.TC_001_userInfo -->
    </test> <!-- edge-Test -->
  </suite> <!-- Suite -->
</testng-results>
